<?xml version="1.0" encoding="UTF-8"?>
<!-- Generated by org.testng.reporters.JUnitReportReporter -->
<testsuite skipped="0" hostname="Tamanna" name="testngXML.Test6" tests="1" failures="0" timestamp="2021-03-13T18:39:53 BDT" time="4.401" errors="0">
  <testcase name="incorrectpassword" time="4.401" classname="testngXML.Test6"/>
  <system-out/>
</testsuite> <!-- testngXML.Test6 -->
