<?xml version="1.0" encoding="UTF-8"?>
<!-- Generated by org.testng.reporters.JUnitReportReporter -->
<testsuite skipped="0" hostname="Tamanna" name="testngXML.Test4" tests="1" failures="0" timestamp="2021-03-13T18:39:53 BDT" time="3.739" errors="0">
  <testcase name="clickwithoutu_name" time="3.739" classname="testngXML.Test4"/>
  <system-out/>
</testsuite> <!-- testngXML.Test4 -->
