<?xml version="1.0" encoding="UTF-8"?>
<!-- Generated by org.testng.reporters.JUnitReportReporter -->
<testsuite skipped="0" hostname="Tamanna" name="testng_Annotations.GroupTestsEx" tests="6" failures="0" timestamp="2021-03-17T12:27:09 BDT" time="0.046" errors="0">
  <testcase name="test2" time="0.000" classname="testng_Annotations.GroupTestsEx"/>
  <system-out/>
  <testcase name="test6" time="0.000" classname="testng_Annotations.GroupTestsEx"/>
  <system-out/>
  <testcase name="test5" time="0.015" classname="testng_Annotations.GroupTestsEx"/>
  <system-out/>
  <testcase name="test1" time="0.015" classname="testng_Annotations.GroupTestsEx"/>
  <system-out/>
  <testcase name="test4" time="0.016" classname="testng_Annotations.GroupTestsEx"/>
  <system-out/>
  <testcase name="test3" time="0.000" classname="testng_Annotations.GroupTestsEx"/>
  <system-out/>
</testsuite> <!-- testng_Annotations.GroupTestsEx -->
