<?xml version="1.0" encoding="UTF-8"?>
<!-- Generated by org.testng.reporters.JUnitReportReporter -->
<testsuite skipped="0" hostname="Tamanna" name="assertion_TestNG.Paramaterized" tests="4" failures="0" timestamp="2021-03-15T10:44:10 BDT" time="0.251" errors="0">
  <testcase name="logo" time="0.081" classname="assertion_TestNG.Paramaterized"/>
  <system-out/>
  <testcase name="logo" time="0.142" classname="assertion_TestNG.Paramaterized"/>
  <system-out/>
  <testcase name="title_verify" time="0.013" classname="assertion_TestNG.Paramaterized"/>
  <system-out/>
  <testcase name="title_verify" time="0.015" classname="assertion_TestNG.Paramaterized"/>
  <system-out/>
</testsuite> <!-- assertion_TestNG.Paramaterized -->
