<?xml version="1.0" encoding="UTF-8"?>
<!-- Generated by org.testng.reporters.JUnitReportReporter -->
<testsuite skipped="0" hostname="Tamanna" name="assertion_TestNG.IgonorTest2" tests="2" failures="0" timestamp="2021-03-20T01:26:49 BDT" time="0.023" errors="0">
  <testcase name="test3" time="0.018" classname="assertion_TestNG.IgonorTest2"/>
  <system-out/>
  <testcase name="test4" time="0.005" classname="assertion_TestNG.IgonorTest2"/>
  <system-out/>
</testsuite> <!-- assertion_TestNG.IgonorTest2 -->
