<?xml version="1.0" encoding="UTF-8"?>
<!-- Generated by org.testng.reporters.JUnitReportReporter -->
<testsuite skipped="0" hostname="Tamanna" name="assertion_TestNG.Assertion" tests="2" failures="0" timestamp="2021-03-15T09:54:17 BDT" time="0.259" errors="0">
  <testcase name="logo" time="0.238" classname="assertion_TestNG.Assertion"/>
  <system-out/>
  <testcase name="title_verify" time="0.021" classname="assertion_TestNG.Assertion"/>
  <system-out/>
</testsuite> <!-- assertion_TestNG.Assertion -->
