<?xml version="1.0" encoding="UTF-8"?>
<!-- Generated by org.testng.reporters.JUnitReportReporter -->
<testsuite skipped="0" hostname="Tamanna" name="testngXML.Test1" tests="1" failures="0" timestamp="2021-03-13T18:39:53 BDT" time="12.052" errors="0">
  <testcase name="loginpass" time="12.052" classname="testngXML.Test1"/>
  <system-out/>
</testsuite> <!-- testngXML.Test1 -->
