<?xml version="1.0" encoding="UTF-8"?>
<!-- Generated by org.testng.reporters.JUnitReportReporter -->
<testsuite skipped="0" hostname="Tamanna" name="Katalon_Recoder" tests="1" failures="0" timestamp="2021-03-20T15:58:41 BDT" time="15.632" errors="0">
  <testcase name="testUntitledTestCase" time="15.632" classname="Katalon_Recoder"/>
  <system-out/>
</testsuite> <!-- Katalon_Recoder -->
