<?xml version="1.0" encoding="UTF-8"?>
<!-- Generated by org.testng.reporters.JUnitReportReporter -->
<testsuite skipped="0" hostname="Tamanna" name="dataProvider.DataProviderSameClass" tests="6" failures="0" timestamp="2021-03-16T01:25:35 BDT" time="43.380" errors="0">
  <testcase name="invalidloginTest456" time="5.510" classname="dataProvider.DataProviderSameClass"/>
  <system-out/>
  <testcase name="invalidloginTest456" time="5.204" classname="dataProvider.DataProviderSameClass"/>
  <system-out/>
  <testcase name="loginTest1" time="11.574" classname="dataProvider.DataProviderSameClass"/>
  <system-out/>
  <testcase name="invalidloginTest23" time="8.279" classname="dataProvider.DataProviderSameClass"/>
  <system-out/>
  <testcase name="invalidloginTest456" time="7.377" classname="dataProvider.DataProviderSameClass"/>
  <system-out/>
  <testcase name="invalidloginTest23" time="5.436" classname="dataProvider.DataProviderSameClass"/>
  <system-out/>
</testsuite> <!-- dataProvider.DataProviderSameClass -->
