<?xml version="1.0" encoding="UTF-8"?>
<!-- Generated by org.testng.reporters.JUnitReportReporter -->
<testsuite skipped="0" hostname="Tamanna" name="testcases.TestCasesWIthTestNG" tests="6" failures="0" timestamp="2021-03-13T20:14:05 BDT" time="100.955" errors="0">
  <testcase name="logininvalidusername" time="18.135" classname="testcases.TestCasesWIthTestNG"/>
  <system-out/>
  <testcase name="logininvalidpassword" time="15.964" classname="testcases.TestCasesWIthTestNG"/>
  <system-out/>
  <testcase name="withoutusername" time="14.591" classname="testcases.TestCasesWIthTestNG"/>
  <system-out/>
  <testcase name="withoutpasswrod" time="21.556" classname="testcases.TestCasesWIthTestNG"/>
  <system-out/>
  <testcase name="blank" time="13.771" classname="testcases.TestCasesWIthTestNG"/>
  <system-out/>
  <testcase name="login" time="16.938" classname="testcases.TestCasesWIthTestNG"/>
  <system-out/>
</testsuite> <!-- testcases.TestCasesWIthTestNG -->
