<?xml version="1.0" encoding="UTF-8"?>
<!-- Generated by org.testng.reporters.JUnitReportReporter -->
<testsuite skipped="1" hostname="Tamanna" name="assertion_TestNG.IgonorTest" tests="2" failures="0" timestamp="2021-03-19T23:59:42 BDT" time="0.032" errors="0">
  <testcase name="test2" time="0.032" classname="assertion_TestNG.IgonorTest"/>
  <system-out/>
  <testcase name="test1" classname="assertion_TestNG.IgonorTest">
    <skipped/>
  </testcase> <!-- test1 -->
  <system-out/>
</testsuite> <!-- assertion_TestNG.IgonorTest -->
