<?xml version="1.0" encoding="UTF-8"?>
<!-- Generated by org.testng.reporters.JUnitReportReporter -->
<testsuite skipped="0" hostname="Tamanna" name="testng_Annotations.Methods" tests="2" failures="0" timestamp="2021-03-13T21:11:02 BDT" time="0.031" errors="0">
  <testcase name="testcase1" time="0.015" classname="testng_Annotations.Methods"/>
  <system-out/>
  <testcase name="testcase2" time="0.016" classname="testng_Annotations.Methods"/>
  <system-out/>
</testsuite> <!-- testng_Annotations.Methods -->
