<?xml version="1.0" encoding="UTF-8"?>
<!-- Generated by org.testng.reporters.JUnitReportReporter -->
<testsuite skipped="0" hostname="Tamanna" name="testng_Annotations.Methods2" tests="2" failures="0" timestamp="2021-03-13T21:11:02 BDT" time="0.006" errors="0">
  <testcase name="testcase4" time="0.006" classname="testng_Annotations.Methods2"/>
  <system-out/>
  <testcase name="testcase3" time="0.000" classname="testng_Annotations.Methods2"/>
  <system-out/>
</testsuite> <!-- testng_Annotations.Methods2 -->
